c:\users\lil drizzle\desktop\126projects\final-project-walbers1-master\final project\obj\debug\ofapp.obj
c:\users\lil drizzle\desktop\126projects\final-project-walbers1-master\final project\obj\debug\main.obj
c:\users\lil drizzle\desktop\126projects\final-project-walbers1-master\final project\obj\debug\planet.obj
c:\users\lil drizzle\desktop\126projects\final-project-walbers1-master\final project\obj\debug\setting.obj
c:\users\lil drizzle\desktop\126projects\final-project-walbers1-master\final project\obj\debug\vc140.pdb
c:\users\lil drizzle\desktop\126projects\final-project-walbers1-master\final project\bin\final project_debug.lib
c:\users\lil drizzle\desktop\126projects\final-project-walbers1-master\final project\bin\final project_debug.exp
c:\users\lil drizzle\desktop\126projects\final-project-walbers1-master\final project\bin\final project_debug.ilk
c:\users\lil drizzle\desktop\126projects\final-project-walbers1-master\final project\bin\final project_debug.exe
c:\users\lil drizzle\desktop\126projects\final-project-walbers1-master\final project\bin\final project_debug.pdb
c:\users\lil drizzle\desktop\126projects\final-project-walbers1-master\final project\obj\debug\icon.res
c:\users\lil drizzle\desktop\126projects\final-project-walbers1-master\final project\obj\debug\final project.vcxprojresolveassemblyreference.cache
c:\users\lil drizzle\desktop\126projects\final-project-walbers1-master\final project\obj\debug\final project.tlog\cl.command.1.tlog
c:\users\lil drizzle\desktop\126projects\final-project-walbers1-master\final project\obj\debug\final project.tlog\cl.read.1.tlog
c:\users\lil drizzle\desktop\126projects\final-project-walbers1-master\final project\obj\debug\final project.tlog\cl.write.1.tlog
c:\users\lil drizzle\desktop\126projects\final-project-walbers1-master\final project\obj\debug\final project.tlog\final project.write.1u.tlog
c:\users\lil drizzle\desktop\126projects\final-project-walbers1-master\final project\obj\debug\final project.tlog\link.command.1.tlog
c:\users\lil drizzle\desktop\126projects\final-project-walbers1-master\final project\obj\debug\final project.tlog\link.read.1.tlog
c:\users\lil drizzle\desktop\126projects\final-project-walbers1-master\final project\obj\debug\final project.tlog\link.write.1.tlog
c:\users\lil drizzle\desktop\126projects\final-project-walbers1-master\final project\obj\debug\final project.tlog\rc.command.1.tlog
c:\users\lil drizzle\desktop\126projects\final-project-walbers1-master\final project\obj\debug\final project.tlog\rc.read.1.tlog
c:\users\lil drizzle\desktop\126projects\final-project-walbers1-master\final project\obj\debug\final project.tlog\rc.write.1.tlog
